2018/1313 23:1347 - INFO - Scrapy 1.5.0 started (bot: weixin)
2018/1313 23:1347 - INFO - Versions: lxml 4.2.3.0, libxml2 2.9.5, cssselect 1.0.3, parsel 1.5.0, w3lib 1.19.0, Twisted 18.4.0, Python 3.6.4 (v3.6.4:d48eceb, Dec 19 2017, 06:54:40) [MSC v.1900 64 bit (AMD64)], pyOpenSSL 18.0.0 (OpenSSL 1.1.0h  27 Mar 2018), cryptography 2.2.2, Platform Windows-10-10.0.16299-SP0
2018/1313 23:1347 - INFO - Overridden settings: {'BOT_NAME': 'weixin', 'CONCURRENT_ITEMS': 50, 'DEPTH_LIMIT': 4, 'LOG_FILE': 'wx.log', 'NEWSPIDER_MODULE': 'weixin.spiders', 'REACTOR_THREADPOOL_MAXSIZE': 20, 'SPIDER_MODULES': ['weixin.spiders']}
2018/1313 23:1347 - INFO - Enabled extensions:
['scrapy.extensions.corestats.CoreStats',
 'scrapy.extensions.telnet.TelnetConsole',
 'scrapy.extensions.logstats.LogStats']
2018/1313 23:1350 - INFO - Enabled downloader middlewares:
['scrapy.downloadermiddlewares.httpauth.HttpAuthMiddleware',
 'scrapy.downloadermiddlewares.downloadtimeout.DownloadTimeoutMiddleware',
 'scrapy.downloadermiddlewares.defaultheaders.DefaultHeadersMiddleware',
 'scrapy.downloadermiddlewares.useragent.UserAgentMiddleware',
 'weixin.middlewares.RandomUAMiddleware',
 'scrapy.downloadermiddlewares.retry.RetryMiddleware',
 'scrapy.downloadermiddlewares.redirect.MetaRefreshMiddleware',
 'scrapy.downloadermiddlewares.httpcompression.HttpCompressionMiddleware',
 'scrapy.downloadermiddlewares.redirect.RedirectMiddleware',
 'scrapy.downloadermiddlewares.cookies.CookiesMiddleware',
 'scrapy.downloadermiddlewares.httpproxy.HttpProxyMiddleware',
 'scrapy.downloadermiddlewares.stats.DownloaderStats']
2018/1313 23:1350 - INFO - Enabled spider middlewares:
['scrapy.spidermiddlewares.httperror.HttpErrorMiddleware',
 'scrapy.spidermiddlewares.offsite.OffsiteMiddleware',
 'scrapy.spidermiddlewares.referer.RefererMiddleware',
 'scrapy.spidermiddlewares.urllength.UrlLengthMiddleware',
 'scrapy.spidermiddlewares.depth.DepthMiddleware']
2018/1313 23:1350 - INFO - Enabled item pipelines:
['weixin.pipelines.WeixinPipeline']
2018/1313 23:1350 - INFO - Spider opened
2018/1313 23:1350 - INFO - Crawled 0 pages (at 0 pages/min), scraped 0 items (at 0 items/min)
2018/1313 23:1350 - DEBUG - Telnet console listening on 127.0.0.1:6023
2018/1313 23:1350 - DEBUG - Crawled (200) <GET http://weixin.sogou.com/pcindex/pc/pc_0/1.html> (referer: None)
2018/1313 23:1350 - INFO - 出错了啊
2018/1313 23:1350 - DEBUG - Redirecting (301) to <GET https://mp.weixin.qq.com/s?src=11&timestamp=1531494001&ver=996&signature=XTxcvt8nRer*y1JcenEHbPi0JDMR4QsGl7LVu-q7WRM4xZ0ioNwRSqMePCS4gTjkYTaS3W3Yeu66wBYv7DrYC7u1s-vIvSCZWPvVlUou0ggUOGrPsc6i27AvaEGITssL&new=1> from <GET http://mp.weixin.qq.com/s?src=11&timestamp=1531494001&ver=996&signature=XTxcvt8nRer*y1JcenEHbPi0JDMR4QsGl7LVu-q7WRM4xZ0ioNwRSqMePCS4gTjkYTaS3W3Yeu66wBYv7DrYC7u1s-vIvSCZWPvVlUou0ggUOGrPsc6i27AvaEGITssL&new=1>
2018/1313 23:1350 - DEBUG - Redirecting (301) to <GET https://mp.weixin.qq.com/s?src=11&timestamp=1531494001&ver=996&signature=XTxcvt8nRer*y1JcenEHbPi0JDMR4QsGl7LVu-q7WRMyPY8sh5YH*ezCwr-BnxRsa7nk8ZTl9uzYY4Fxt57NXvCmDXV8RlY1KSo8IehTHdVvav1SQUVHiSb7umCwVa3W&new=1> from <GET http://mp.weixin.qq.com/s?src=11&timestamp=1531494001&ver=996&signature=XTxcvt8nRer*y1JcenEHbPi0JDMR4QsGl7LVu-q7WRMyPY8sh5YH*ezCwr-BnxRsa7nk8ZTl9uzYY4Fxt57NXvCmDXV8RlY1KSo8IehTHdVvav1SQUVHiSb7umCwVa3W&new=1>
2018/1313 23:1350 - DEBUG - Redirecting (301) to <GET https://mp.weixin.qq.com/s?src=11&timestamp=1531494001&ver=996&signature=c-Em5xrkrMH62gjI13ICjGfHURZ53Ksjk47Za9F1PJsmb5YUW943P8a8S85OiwCXi8OIyZrimudJ*apffT7JE5Od173WU9VnNq5yN2P5S7PczT*KtY7ihWosGGetowQR&new=1> from <GET http://mp.weixin.qq.com/s?src=11&timestamp=1531494001&ver=996&signature=c-Em5xrkrMH62gjI13ICjGfHURZ53Ksjk47Za9F1PJsmb5YUW943P8a8S85OiwCXi8OIyZrimudJ*apffT7JE5Od173WU9VnNq5yN2P5S7PczT*KtY7ihWosGGetowQR&new=1>
2018/1313 23:1350 - DEBUG - Redirecting (301) to <GET https://mp.weixin.qq.com/s?src=11&timestamp=1531494001&ver=996&signature=4KRb6wucwrrAGSAg2o1eoJgtC8iLQ5BHrAlMOdBaltGS7CI8oVKHt7DJAoqLcvwt7PE1rExwqqNTaBoGkZQ4Paw3Q*AVreJyjyi49PbN1FpsUNG38KQLBwb0NgycOiG7&new=1> from <GET http://mp.weixin.qq.com/s?src=11&timestamp=1531494001&ver=996&signature=4KRb6wucwrrAGSAg2o1eoJgtC8iLQ5BHrAlMOdBaltGS7CI8oVKHt7DJAoqLcvwt7PE1rExwqqNTaBoGkZQ4Paw3Q*AVreJyjyi49PbN1FpsUNG38KQLBwb0NgycOiG7&new=1>
2018/1313 23:1350 - DEBUG - Redirecting (301) to <GET https://mp.weixin.qq.com/s?src=11&timestamp=1531494001&ver=996&signature=KILekCmydJcqxJmVRk6UmYCJIXMAnYz7FH4LO2pnQ72ytFNRj5UjE-VCk2z9w2d7xfi-6n1FrFJLC8D1o4XTYkhmdw1FoVkHFXj8nNWBhpmu7DyJL9bsoKcQK5SoYMAI&new=1> from <GET http://mp.weixin.qq.com/s?src=11&timestamp=1531494001&ver=996&signature=KILekCmydJcqxJmVRk6UmYCJIXMAnYz7FH4LO2pnQ72ytFNRj5UjE-VCk2z9w2d7xfi-6n1FrFJLC8D1o4XTYkhmdw1FoVkHFXj8nNWBhpmu7DyJL9bsoKcQK5SoYMAI&new=1>
2018/1313 23:1350 - DEBUG - Redirecting (301) to <GET https://mp.weixin.qq.com/s?src=11&timestamp=1531494001&ver=996&signature=iwDy6cQtBmW6cfep3sPcQBL2I8*jp*9jFKP25Ga3Nty-ufSSRwTVfY5aVI6mgnHUhpd6nn1RpCIaGawXrcC4o7QdwsfgRiIpb6V*uvLryob0TTCyrfL2z8z0UO5W5UQ1&new=1> from <GET http://mp.weixin.qq.com/s?src=11&timestamp=1531494001&ver=996&signature=iwDy6cQtBmW6cfep3sPcQBL2I8*jp*9jFKP25Ga3Nty-ufSSRwTVfY5aVI6mgnHUhpd6nn1RpCIaGawXrcC4o7QdwsfgRiIpb6V*uvLryob0TTCyrfL2z8z0UO5W5UQ1&new=1>
2018/1313 23:1350 - DEBUG - Redirecting (301) to <GET https://mp.weixin.qq.com/s?src=11&timestamp=1531494001&ver=996&signature=eZxlHQiLW6FjBb0JzRdRqhy6kq1vGF3XAeIayHIGLBlen8YaXAv2qmk3FA8yC6cqaGRX4Emh7TxrcSKh-yqtNpvZLbpEhU54a1AW-PyyzX8BMl-D2rlCV1*ViAHuB5fL&new=1> from <GET http://mp.weixin.qq.com/s?src=11&timestamp=1531494001&ver=996&signature=eZxlHQiLW6FjBb0JzRdRqhy6kq1vGF3XAeIayHIGLBlen8YaXAv2qmk3FA8yC6cqaGRX4Emh7TxrcSKh-yqtNpvZLbpEhU54a1AW-PyyzX8BMl-D2rlCV1*ViAHuB5fL&new=1>
2018/1313 23:1350 - DEBUG - Redirecting (301) to <GET https://mp.weixin.qq.com/s?src=11&timestamp=1531494001&ver=996&signature=vPQlOrjXDBQZoD1I7pTBCU2NdWqLX2wA7W6NLZHHjqIhtFHG8mkb8gydlNXUNxUJ7K*jhA5HuPDKbWCorRi*-o9q5bVyFMZh4QYHRBfN153Bs8Q6hSaMnqWqkh9S1uQO&new=1> from <GET http://mp.weixin.qq.com/s?src=11&timestamp=1531494001&ver=996&signature=vPQlOrjXDBQZoD1I7pTBCU2NdWqLX2wA7W6NLZHHjqIhtFHG8mkb8gydlNXUNxUJ7K*jhA5HuPDKbWCorRi*-o9q5bVyFMZh4QYHRBfN153Bs8Q6hSaMnqWqkh9S1uQO&new=1>
2018/1313 23:1350 - DEBUG - Redirecting (301) to <GET https://mp.weixin.qq.com/s?src=11&timestamp=1531494001&ver=996&signature=iwDy6cQtBmW6cfep3sPcQBL2I8*jp*9jFKP25Ga3NtxSJFRNvuUve5n6TYeWgAflHWmg4t5LLfjlsF7u8sPQvRtpfAWOB8zqZCBgEr4kmPq0GcLTJAqL7EbWZ2GdLF*m&new=1> from <GET http://mp.weixin.qq.com/s?src=11&timestamp=1531494001&ver=996&signature=iwDy6cQtBmW6cfep3sPcQBL2I8*jp*9jFKP25Ga3NtxSJFRNvuUve5n6TYeWgAflHWmg4t5LLfjlsF7u8sPQvRtpfAWOB8zqZCBgEr4kmPq0GcLTJAqL7EbWZ2GdLF*m&new=1>
2018/1313 23:1350 - DEBUG - Redirecting (301) to <GET https://mp.weixin.qq.com/s?src=11&timestamp=1531494001&ver=996&signature=c-Em5xrkrMH62gjI13ICjGfHURZ53Ksjk47Za9F1PJun1fzFPm70GfQlPtVQS9C8rPRv-eIWCaumleEUp1ZJhUZ3fmG1XBnbtBjb03qd3u0OBdzYhxvpeMg9RjIifdmk&new=1> from <GET http://mp.weixin.qq.com/s?src=11&timestamp=1531494001&ver=996&signature=c-Em5xrkrMH62gjI13ICjGfHURZ53Ksjk47Za9F1PJun1fzFPm70GfQlPtVQS9C8rPRv-eIWCaumleEUp1ZJhUZ3fmG1XBnbtBjb03qd3u0OBdzYhxvpeMg9RjIifdmk&new=1>
2018/1313 23:1350 - DEBUG - Redirecting (301) to <GET https://mp.weixin.qq.com/s?src=11&timestamp=1531494001&ver=996&signature=XTxcvt8nRer*y1JcenEHbPi0JDMR4QsGl7LVu-q7WRMe4lBJjihc-bHy5zsLayOO0jiG2NSfR37Gh5WLtcHmZi-aK4JdTL5vVtUozai9NVeJleKmmRIlT*D78whfEjUA&new=1> from <GET http://mp.weixin.qq.com/s?src=11&timestamp=1531494001&ver=996&signature=XTxcvt8nRer*y1JcenEHbPi0JDMR4QsGl7LVu-q7WRMe4lBJjihc-bHy5zsLayOO0jiG2NSfR37Gh5WLtcHmZi-aK4JdTL5vVtUozai9NVeJleKmmRIlT*D78whfEjUA&new=1>
2018/1313 23:1350 - DEBUG - Redirecting (301) to <GET https://mp.weixin.qq.com/s?src=11&timestamp=1531494001&ver=996&signature=KILekCmydJcqxJmVRk6UmYCJIXMAnYz7FH4LO2pnQ70vTb*S2YsK6albDHO3QRVUDusz1huoyJAwKKd3oPHH2sO9Zt3trlTmmTHAYCaj3G1enGInpofJwmdyi8s31tTn&new=1> from <GET http://mp.weixin.qq.com/s?src=11&timestamp=1531494001&ver=996&signature=KILekCmydJcqxJmVRk6UmYCJIXMAnYz7FH4LO2pnQ70vTb*S2YsK6albDHO3QRVUDusz1huoyJAwKKd3oPHH2sO9Zt3trlTmmTHAYCaj3G1enGInpofJwmdyi8s31tTn&new=1>
2018/1313 23:1351 - DEBUG - Redirecting (301) to <GET https://mp.weixin.qq.com/s?src=11&timestamp=1531494001&ver=996&signature=c-Em5xrkrMH62gjI13ICjGfHURZ53Ksjk47Za9F1PJvKom*ML-Uaz7iK2FBI3PZvj-sVWvlVdT9GyzLbgLKfGSYFTsyuHV2Vq4Ln4Dc1TwFL3ogW2F2o2AXb-cxgfvuH&new=1> from <GET http://mp.weixin.qq.com/s?src=11&timestamp=1531494001&ver=996&signature=c-Em5xrkrMH62gjI13ICjGfHURZ53Ksjk47Za9F1PJvKom*ML-Uaz7iK2FBI3PZvj-sVWvlVdT9GyzLbgLKfGSYFTsyuHV2Vq4Ln4Dc1TwFL3ogW2F2o2AXb-cxgfvuH&new=1>
2018/1313 23:1351 - DEBUG - Redirecting (301) to <GET https://mp.weixin.qq.com/s?src=11&timestamp=1531494001&ver=996&signature=hxHtdeiiwRp2O2lpaz6-LhFd2qovDhnbhLKSHIflSWXitcpBl-z22oqAnB2C5sn50rtgstxOuRNnhtW0egGW15YcMaxNWPB5GhRby5q8HbNw5wRMLDAV3IydIqggAW22&new=1> from <GET http://mp.weixin.qq.com/s?src=11&timestamp=1531494001&ver=996&signature=hxHtdeiiwRp2O2lpaz6-LhFd2qovDhnbhLKSHIflSWXitcpBl-z22oqAnB2C5sn50rtgstxOuRNnhtW0egGW15YcMaxNWPB5GhRby5q8HbNw5wRMLDAV3IydIqggAW22&new=1>
2018/1313 23:1351 - DEBUG - Redirecting (301) to <GET https://mp.weixin.qq.com/s?src=11&timestamp=1531494001&ver=996&signature=KILekCmydJcqxJmVRk6UmYCJIXMAnYz7FH4LO2pnQ706TiRSvcdR3tb4OcwyJPo-B0G5iI6PNx5uet0UrjWZuwsDrO2K22eJZ2WLB*VfSi9gK9-iRbW0EGMCKEdZt4c6&new=1> from <GET http://mp.weixin.qq.com/s?src=11&timestamp=1531494001&ver=996&signature=KILekCmydJcqxJmVRk6UmYCJIXMAnYz7FH4LO2pnQ706TiRSvcdR3tb4OcwyJPo-B0G5iI6PNx5uet0UrjWZuwsDrO2K22eJZ2WLB*VfSi9gK9-iRbW0EGMCKEdZt4c6&new=1>
2018/1313 23:1351 - DEBUG - Redirecting (301) to <GET https://mp.weixin.qq.com/s?src=11&timestamp=1531494001&ver=996&signature=4KRb6wucwrrAGSAg2o1eoJgtC8iLQ5BHrAlMOdBaltE4yBhmxmFIQBTLTW4QUGY-yoCKKnxw0fKKp6roe0gzvSxvK9mVb7lUX7Bgrq-6WjM5dCM1i6FKyNBnMLLO2hzl&new=1> from <GET http://mp.weixin.qq.com/s?src=11&timestamp=1531494001&ver=996&signature=4KRb6wucwrrAGSAg2o1eoJgtC8iLQ5BHrAlMOdBaltE4yBhmxmFIQBTLTW4QUGY-yoCKKnxw0fKKp6roe0gzvSxvK9mVb7lUX7Bgrq-6WjM5dCM1i6FKyNBnMLLO2hzl&new=1>
2018/1313 23:1351 - DEBUG - Crawled (200) <GET https://mp.weixin.qq.com/s?src=11&timestamp=1531494001&ver=996&signature=XTxcvt8nRer*y1JcenEHbPi0JDMR4QsGl7LVu-q7WRM4xZ0ioNwRSqMePCS4gTjkYTaS3W3Yeu66wBYv7DrYC7u1s-vIvSCZWPvVlUou0ggUOGrPsc6i27AvaEGITssL&new=1> (referer: http://weixin.sogou.com/pcindex/pc/pc_0/1.html)
2018/1313 23:1351 - DEBUG - Crawled (200) <GET https://mp.weixin.qq.com/s?src=11&timestamp=1531494001&ver=996&signature=vPQlOrjXDBQZoD1I7pTBCU2NdWqLX2wA7W6NLZHHjqIhtFHG8mkb8gydlNXUNxUJ7K*jhA5HuPDKbWCorRi*-o9q5bVyFMZh4QYHRBfN153Bs8Q6hSaMnqWqkh9S1uQO&new=1> (referer: http://weixin.sogou.com/pcindex/pc/pc_0/1.html)
2018/1313 23:1351 - DEBUG - Crawled (200) <GET https://mp.weixin.qq.com/s?src=11&timestamp=1531494001&ver=996&signature=c-Em5xrkrMH62gjI13ICjGfHURZ53Ksjk47Za9F1PJsmb5YUW943P8a8S85OiwCXi8OIyZrimudJ*apffT7JE5Od173WU9VnNq5yN2P5S7PczT*KtY7ihWosGGetowQR&new=1> (referer: http://weixin.sogou.com/pcindex/pc/pc_0/1.html)
2018/1313 23:1351 - DEBUG - Crawled (200) <GET https://mp.weixin.qq.com/s?src=11&timestamp=1531494001&ver=996&signature=iwDy6cQtBmW6cfep3sPcQBL2I8*jp*9jFKP25Ga3Nty-ufSSRwTVfY5aVI6mgnHUhpd6nn1RpCIaGawXrcC4o7QdwsfgRiIpb6V*uvLryob0TTCyrfL2z8z0UO5W5UQ1&new=1> (referer: http://weixin.sogou.com/pcindex/pc/pc_0/1.html)
2018/1313 23:1351 - DEBUG - Crawled (200) <GET https://mp.weixin.qq.com/s?src=11&timestamp=1531494001&ver=996&signature=KILekCmydJcqxJmVRk6UmYCJIXMAnYz7FH4LO2pnQ72ytFNRj5UjE-VCk2z9w2d7xfi-6n1FrFJLC8D1o4XTYkhmdw1FoVkHFXj8nNWBhpmu7DyJL9bsoKcQK5SoYMAI&new=1> (referer: http://weixin.sogou.com/pcindex/pc/pc_0/1.html)
2018/1313 23:1351 - DEBUG - Crawled (200) <GET https://mp.weixin.qq.com/s?src=11&timestamp=1531494001&ver=996&signature=4KRb6wucwrrAGSAg2o1eoJgtC8iLQ5BHrAlMOdBaltGS7CI8oVKHt7DJAoqLcvwt7PE1rExwqqNTaBoGkZQ4Paw3Q*AVreJyjyi49PbN1FpsUNG38KQLBwb0NgycOiG7&new=1> (referer: http://weixin.sogou.com/pcindex/pc/pc_0/1.html)
2018/1313 23:1351 - DEBUG - Crawled (200) <GET https://mp.weixin.qq.com/s?src=11&timestamp=1531494001&ver=996&signature=eZxlHQiLW6FjBb0JzRdRqhy6kq1vGF3XAeIayHIGLBlen8YaXAv2qmk3FA8yC6cqaGRX4Emh7TxrcSKh-yqtNpvZLbpEhU54a1AW-PyyzX8BMl-D2rlCV1*ViAHuB5fL&new=1> (referer: http://weixin.sogou.com/pcindex/pc/pc_0/1.html)
2018/1313 23:1351 - DEBUG - Crawled (200) <GET https://mp.weixin.qq.com/s?src=11&timestamp=1531494001&ver=996&signature=XTxcvt8nRer*y1JcenEHbPi0JDMR4QsGl7LVu-q7WRMyPY8sh5YH*ezCwr-BnxRsa7nk8ZTl9uzYY4Fxt57NXvCmDXV8RlY1KSo8IehTHdVvav1SQUVHiSb7umCwVa3W&new=1> (referer: http://weixin.sogou.com/pcindex/pc/pc_0/1.html)
2018/1313 23:1351 - DEBUG - Crawled (200) <GET https://mp.weixin.qq.com/s?src=11&timestamp=1531494001&ver=996&signature=iwDy6cQtBmW6cfep3sPcQBL2I8*jp*9jFKP25Ga3NtxSJFRNvuUve5n6TYeWgAflHWmg4t5LLfjlsF7u8sPQvRtpfAWOB8zqZCBgEr4kmPq0GcLTJAqL7EbWZ2GdLF*m&new=1> (referer: http://weixin.sogou.com/pcindex/pc/pc_0/1.html)
2018/1313 23:1351 - DEBUG - Scraped from <200 https://mp.weixin.qq.com/s?src=11&timestamp=1531494001&ver=996&signature=XTxcvt8nRer*y1JcenEHbPi0JDMR4QsGl7LVu-q7WRM4xZ0ioNwRSqMePCS4gTjkYTaS3W3Yeu66wBYv7DrYC7u1s-vIvSCZWPvVlUou0ggUOGrPsc6i27AvaEGITssL&new=1>
{'publicNum': 'bjnews_xjb', 'weixinName': '新京报'}
2018/1313 23:1351 - DEBUG - Scraped from <200 https://mp.weixin.qq.com/s?src=11&timestamp=1531494001&ver=996&signature=vPQlOrjXDBQZoD1I7pTBCU2NdWqLX2wA7W6NLZHHjqIhtFHG8mkb8gydlNXUNxUJ7K*jhA5HuPDKbWCorRi*-o9q5bVyFMZh4QYHRBfN153Bs8Q6hSaMnqWqkh9S1uQO&new=1>
{'publicNum': 'qianjiangwanbao', 'weixinName': '钱江晚报'}
2018/1313 23:1351 - DEBUG - Scraped from <200 https://mp.weixin.qq.com/s?src=11&timestamp=1531494001&ver=996&signature=c-Em5xrkrMH62gjI13ICjGfHURZ53Ksjk47Za9F1PJsmb5YUW943P8a8S85OiwCXi8OIyZrimudJ*apffT7JE5Od173WU9VnNq5yN2P5S7PczT*KtY7ihWosGGetowQR&new=1>
{'publicNum': 'newsxinhua', 'weixinName': '新华网'}
2018/1313 23:1351 - DEBUG - Scraped from <200 https://mp.weixin.qq.com/s?src=11&timestamp=1531494001&ver=996&signature=iwDy6cQtBmW6cfep3sPcQBL2I8*jp*9jFKP25Ga3Nty-ufSSRwTVfY5aVI6mgnHUhpd6nn1RpCIaGawXrcC4o7QdwsfgRiIpb6V*uvLryob0TTCyrfL2z8z0UO5W5UQ1&new=1>
{'publicNum': 'zyjwgjjw', 'weixinName': '中央纪委国家监委网站'}
2018/1313 23:1351 - DEBUG - Scraped from <200 https://mp.weixin.qq.com/s?src=11&timestamp=1531494001&ver=996&signature=KILekCmydJcqxJmVRk6UmYCJIXMAnYz7FH4LO2pnQ72ytFNRj5UjE-VCk2z9w2d7xfi-6n1FrFJLC8D1o4XTYkhmdw1FoVkHFXj8nNWBhpmu7DyJL9bsoKcQK5SoYMAI&new=1>
{'publicNum': 'yzwb20102806', 'weixinName': '扬子晚报'}
2018/1313 23:1351 - DEBUG - Scraped from <200 https://mp.weixin.qq.com/s?src=11&timestamp=1531494001&ver=996&signature=4KRb6wucwrrAGSAg2o1eoJgtC8iLQ5BHrAlMOdBaltGS7CI8oVKHt7DJAoqLcvwt7PE1rExwqqNTaBoGkZQ4Paw3Q*AVreJyjyi49PbN1FpsUNG38KQLBwb0NgycOiG7&new=1>
{'publicNum': 'Chinadaily_Mobile', 'weixinName': '中国日报双语新闻'}
2018/1313 23:1351 - DEBUG - Crawled (200) <GET https://mp.weixin.qq.com/s?src=11&timestamp=1531494001&ver=996&signature=c-Em5xrkrMH62gjI13ICjGfHURZ53Ksjk47Za9F1PJvKom*ML-Uaz7iK2FBI3PZvj-sVWvlVdT9GyzLbgLKfGSYFTsyuHV2Vq4Ln4Dc1TwFL3ogW2F2o2AXb-cxgfvuH&new=1> (referer: http://weixin.sogou.com/pcindex/pc/pc_0/1.html)
2018/1313 23:1351 - DEBUG - Crawled (200) <GET https://mp.weixin.qq.com/s?src=11&timestamp=1531494001&ver=996&signature=KILekCmydJcqxJmVRk6UmYCJIXMAnYz7FH4LO2pnQ70vTb*S2YsK6albDHO3QRVUDusz1huoyJAwKKd3oPHH2sO9Zt3trlTmmTHAYCaj3G1enGInpofJwmdyi8s31tTn&new=1> (referer: http://weixin.sogou.com/pcindex/pc/pc_0/1.html)
2018/1313 23:1351 - DEBUG - Crawled (200) <GET https://mp.weixin.qq.com/s?src=11&timestamp=1531494001&ver=996&signature=4KRb6wucwrrAGSAg2o1eoJgtC8iLQ5BHrAlMOdBaltE4yBhmxmFIQBTLTW4QUGY-yoCKKnxw0fKKp6roe0gzvSxvK9mVb7lUX7Bgrq-6WjM5dCM1i6FKyNBnMLLO2hzl&new=1> (referer: http://weixin.sogou.com/pcindex/pc/pc_0/1.html)
2018/1313 23:1351 - DEBUG - Redirecting (301) to <GET https://mp.weixin.qq.com/s?src=11&timestamp=1531494001&ver=996&signature=JSlsi1nN1t02H6X9zloLLDbNuJZ7dWVdt31bbACUSYHdFusljhk3RqDHTEYnmacnKN6fxkiVX3hKXzusyPkD0tMUS4bom3GxqodSvwbcNo0U2U0sXYLbA6KnI6ZaCQt7&new=1> from <GET http://mp.weixin.qq.com/s?src=11&timestamp=1531494001&ver=996&signature=JSlsi1nN1t02H6X9zloLLDbNuJZ7dWVdt31bbACUSYHdFusljhk3RqDHTEYnmacnKN6fxkiVX3hKXzusyPkD0tMUS4bom3GxqodSvwbcNo0U2U0sXYLbA6KnI6ZaCQt7&new=1>
2018/1313 23:1351 - DEBUG - Crawled (200) <GET https://mp.weixin.qq.com/s?src=11&timestamp=1531494001&ver=996&signature=c-Em5xrkrMH62gjI13ICjGfHURZ53Ksjk47Za9F1PJun1fzFPm70GfQlPtVQS9C8rPRv-eIWCaumleEUp1ZJhUZ3fmG1XBnbtBjb03qd3u0OBdzYhxvpeMg9RjIifdmk&new=1> (referer: http://weixin.sogou.com/pcindex/pc/pc_0/1.html)
2018/1313 23:1351 - DEBUG - Crawled (200) <GET https://mp.weixin.qq.com/s?src=11&timestamp=1531494001&ver=996&signature=KILekCmydJcqxJmVRk6UmYCJIXMAnYz7FH4LO2pnQ706TiRSvcdR3tb4OcwyJPo-B0G5iI6PNx5uet0UrjWZuwsDrO2K22eJZ2WLB*VfSi9gK9-iRbW0EGMCKEdZt4c6&new=1> (referer: http://weixin.sogou.com/pcindex/pc/pc_0/1.html)
2018/1313 23:1351 - DEBUG - Crawled (200) <GET https://mp.weixin.qq.com/s?src=11&timestamp=1531494001&ver=996&signature=hxHtdeiiwRp2O2lpaz6-LhFd2qovDhnbhLKSHIflSWXitcpBl-z22oqAnB2C5sn50rtgstxOuRNnhtW0egGW15YcMaxNWPB5GhRby5q8HbNw5wRMLDAV3IydIqggAW22&new=1> (referer: http://weixin.sogou.com/pcindex/pc/pc_0/1.html)
2018/1313 23:1351 - DEBUG - Scraped from <200 https://mp.weixin.qq.com/s?src=11&timestamp=1531494001&ver=996&signature=eZxlHQiLW6FjBb0JzRdRqhy6kq1vGF3XAeIayHIGLBlen8YaXAv2qmk3FA8yC6cqaGRX4Emh7TxrcSKh-yqtNpvZLbpEhU54a1AW-PyyzX8BMl-D2rlCV1*ViAHuB5fL&new=1>
{'publicNum': 'NF_Daily', 'weixinName': '南方日报'}
2018/1313 23:1351 - DEBUG - Scraped from <200 https://mp.weixin.qq.com/s?src=11&timestamp=1531494001&ver=996&signature=XTxcvt8nRer*y1JcenEHbPi0JDMR4QsGl7LVu-q7WRMyPY8sh5YH*ezCwr-BnxRsa7nk8ZTl9uzYY4Fxt57NXvCmDXV8RlY1KSo8IehTHdVvav1SQUVHiSb7umCwVa3W&new=1>
{'publicNum': 'bjnews_xjb', 'weixinName': '新京报'}
2018/1313 23:1351 - DEBUG - Crawled (200) <GET https://mp.weixin.qq.com/s?src=11&timestamp=1531494001&ver=996&signature=XTxcvt8nRer*y1JcenEHbPi0JDMR4QsGl7LVu-q7WRMe4lBJjihc-bHy5zsLayOO0jiG2NSfR37Gh5WLtcHmZi-aK4JdTL5vVtUozai9NVeJleKmmRIlT*D78whfEjUA&new=1> (referer: http://weixin.sogou.com/pcindex/pc/pc_0/1.html)
2018/1313 23:1351 - DEBUG - Scraped from <200 https://mp.weixin.qq.com/s?src=11&timestamp=1531494001&ver=996&signature=iwDy6cQtBmW6cfep3sPcQBL2I8*jp*9jFKP25Ga3NtxSJFRNvuUve5n6TYeWgAflHWmg4t5LLfjlsF7u8sPQvRtpfAWOB8zqZCBgEr4kmPq0GcLTJAqL7EbWZ2GdLF*m&new=1>
{'publicNum': 'zyjwgjjw', 'weixinName': '中央纪委国家监委网站'}
2018/1313 23:1351 - DEBUG - Scraped from <200 https://mp.weixin.qq.com/s?src=11&timestamp=1531494001&ver=996&signature=c-Em5xrkrMH62gjI13ICjGfHURZ53Ksjk47Za9F1PJvKom*ML-Uaz7iK2FBI3PZvj-sVWvlVdT9GyzLbgLKfGSYFTsyuHV2Vq4Ln4Dc1TwFL3ogW2F2o2AXb-cxgfvuH&new=1>
{'publicNum': 'newsxinhua', 'weixinName': '新华网'}
2018/1313 23:1351 - DEBUG - Redirecting (301) to <GET https://mp.weixin.qq.com/s?src=11&timestamp=1531494001&ver=996&signature=eZxlHQiLW6FjBb0JzRdRqhy6kq1vGF3XAeIayHIGLBnPCqugQSjtfY7cuD98wUtld6WzX5lprdcnBxbDUqC5YwloeooQ37hXLymsj*DC*mRpWqiE8GEk2kk7TFV97fdM&new=1> from <GET http://mp.weixin.qq.com/s?src=11&timestamp=1531494001&ver=996&signature=eZxlHQiLW6FjBb0JzRdRqhy6kq1vGF3XAeIayHIGLBnPCqugQSjtfY7cuD98wUtld6WzX5lprdcnBxbDUqC5YwloeooQ37hXLymsj*DC*mRpWqiE8GEk2kk7TFV97fdM&new=1>
2018/1313 23:1351 - DEBUG - Scraped from <200 https://mp.weixin.qq.com/s?src=11&timestamp=1531494001&ver=996&signature=KILekCmydJcqxJmVRk6UmYCJIXMAnYz7FH4LO2pnQ70vTb*S2YsK6albDHO3QRVUDusz1huoyJAwKKd3oPHH2sO9Zt3trlTmmTHAYCaj3G1enGInpofJwmdyi8s31tTn&new=1>
{'publicNum': 'yzwb20102806', 'weixinName': '扬子晚报'}
2018/1313 23:1351 - DEBUG - Redirecting (301) to <GET https://mp.weixin.qq.com/s?src=11&timestamp=1531494001&ver=996&signature=hxHtdeiiwRp2O2lpaz6-LhFd2qovDhnbhLKSHIflSWWh2r*yptxQInycSkHZ75M8c29COJY0KurGN3iPQ2RofrrpYyhaJUYAzxHfBTjQkuiMZiv9g99kn0hrLDEFeI5J&new=1> from <GET http://mp.weixin.qq.com/s?src=11&timestamp=1531494001&ver=996&signature=hxHtdeiiwRp2O2lpaz6-LhFd2qovDhnbhLKSHIflSWWh2r*yptxQInycSkHZ75M8c29COJY0KurGN3iPQ2RofrrpYyhaJUYAzxHfBTjQkuiMZiv9g99kn0hrLDEFeI5J&new=1>
2018/1313 23:1351 - DEBUG - Redirecting (301) to <GET https://mp.weixin.qq.com/s?src=11&timestamp=1531494001&ver=996&signature=vPQlOrjXDBQZoD1I7pTBCU2NdWqLX2wA7W6NLZHHjqJZ07zGGk2XuTx3EmzdRqU-zlaJa-3MX3638BVsFmVfPr0zSMUaYGMKE0nQ4UfDgyZpJbdVjajOcmIvWTljuE1h&new=1> from <GET http://mp.weixin.qq.com/s?src=11&timestamp=1531494001&ver=996&signature=vPQlOrjXDBQZoD1I7pTBCU2NdWqLX2wA7W6NLZHHjqJZ07zGGk2XuTx3EmzdRqU-zlaJa-3MX3638BVsFmVfPr0zSMUaYGMKE0nQ4UfDgyZpJbdVjajOcmIvWTljuE1h&new=1>
2018/1313 23:1351 - DEBUG - Crawled (200) <GET https://mp.weixin.qq.com/s?src=11&timestamp=1531494001&ver=996&signature=JSlsi1nN1t02H6X9zloLLDbNuJZ7dWVdt31bbACUSYHdFusljhk3RqDHTEYnmacnKN6fxkiVX3hKXzusyPkD0tMUS4bom3GxqodSvwbcNo0U2U0sXYLbA6KnI6ZaCQt7&new=1> (referer: http://weixin.sogou.com/pcindex/pc/pc_0/1.html)
2018/1313 23:1351 - DEBUG - Scraped from <200 https://mp.weixin.qq.com/s?src=11&timestamp=1531494001&ver=996&signature=4KRb6wucwrrAGSAg2o1eoJgtC8iLQ5BHrAlMOdBaltE4yBhmxmFIQBTLTW4QUGY-yoCKKnxw0fKKp6roe0gzvSxvK9mVb7lUX7Bgrq-6WjM5dCM1i6FKyNBnMLLO2hzl&new=1>
{'publicNum': 'Chinadaily_Mobile', 'weixinName': '中国日报双语新闻'}
2018/1313 23:1351 - DEBUG - Scraped from <200 https://mp.weixin.qq.com/s?src=11&timestamp=1531494001&ver=996&signature=c-Em5xrkrMH62gjI13ICjGfHURZ53Ksjk47Za9F1PJun1fzFPm70GfQlPtVQS9C8rPRv-eIWCaumleEUp1ZJhUZ3fmG1XBnbtBjb03qd3u0OBdzYhxvpeMg9RjIifdmk&new=1>
{'publicNum': 'newsxinhua', 'weixinName': '新华网'}
2018/1313 23:1351 - DEBUG - Scraped from <200 https://mp.weixin.qq.com/s?src=11&timestamp=1531494001&ver=996&signature=KILekCmydJcqxJmVRk6UmYCJIXMAnYz7FH4LO2pnQ706TiRSvcdR3tb4OcwyJPo-B0G5iI6PNx5uet0UrjWZuwsDrO2K22eJZ2WLB*VfSi9gK9-iRbW0EGMCKEdZt4c6&new=1>
{'publicNum': 'yzwb20102806', 'weixinName': '扬子晚报'}
2018/1313 23:1351 - DEBUG - Scraped from <200 https://mp.weixin.qq.com/s?src=11&timestamp=1531494001&ver=996&signature=hxHtdeiiwRp2O2lpaz6-LhFd2qovDhnbhLKSHIflSWXitcpBl-z22oqAnB2C5sn50rtgstxOuRNnhtW0egGW15YcMaxNWPB5GhRby5q8HbNw5wRMLDAV3IydIqggAW22&new=1>
{'publicNum': 'hsb88880000', 'weixinName': '华商报'}
2018/1313 23:1351 - DEBUG - Scraped from <200 https://mp.weixin.qq.com/s?src=11&timestamp=1531494001&ver=996&signature=XTxcvt8nRer*y1JcenEHbPi0JDMR4QsGl7LVu-q7WRMe4lBJjihc-bHy5zsLayOO0jiG2NSfR37Gh5WLtcHmZi-aK4JdTL5vVtUozai9NVeJleKmmRIlT*D78whfEjUA&new=1>
{'publicNum': 'bjnews_xjb', 'weixinName': '新京报'}
2018/1313 23:1352 - DEBUG - Crawled (200) <GET https://mp.weixin.qq.com/s?src=11&timestamp=1531494001&ver=996&signature=eZxlHQiLW6FjBb0JzRdRqhy6kq1vGF3XAeIayHIGLBnPCqugQSjtfY7cuD98wUtld6WzX5lprdcnBxbDUqC5YwloeooQ37hXLymsj*DC*mRpWqiE8GEk2kk7TFV97fdM&new=1> (referer: http://weixin.sogou.com/pcindex/pc/pc_0/1.html)
2018/1313 23:1352 - DEBUG - Scraped from <200 https://mp.weixin.qq.com/s?src=11&timestamp=1531494001&ver=996&signature=JSlsi1nN1t02H6X9zloLLDbNuJZ7dWVdt31bbACUSYHdFusljhk3RqDHTEYnmacnKN6fxkiVX3hKXzusyPkD0tMUS4bom3GxqodSvwbcNo0U2U0sXYLbA6KnI6ZaCQt7&new=1>
{'publicNum': 'xinlang-xinwen', 'weixinName': '新浪新闻'}
2018/1313 23:1352 - DEBUG - Crawled (200) <GET https://mp.weixin.qq.com/s?src=11&timestamp=1531494001&ver=996&signature=vPQlOrjXDBQZoD1I7pTBCU2NdWqLX2wA7W6NLZHHjqJZ07zGGk2XuTx3EmzdRqU-zlaJa-3MX3638BVsFmVfPr0zSMUaYGMKE0nQ4UfDgyZpJbdVjajOcmIvWTljuE1h&new=1> (referer: http://weixin.sogou.com/pcindex/pc/pc_0/1.html)
2018/1313 23:1352 - DEBUG - Crawled (200) <GET https://mp.weixin.qq.com/s?src=11&timestamp=1531494001&ver=996&signature=hxHtdeiiwRp2O2lpaz6-LhFd2qovDhnbhLKSHIflSWWh2r*yptxQInycSkHZ75M8c29COJY0KurGN3iPQ2RofrrpYyhaJUYAzxHfBTjQkuiMZiv9g99kn0hrLDEFeI5J&new=1> (referer: http://weixin.sogou.com/pcindex/pc/pc_0/1.html)
2018/1313 23:1352 - DEBUG - Scraped from <200 https://mp.weixin.qq.com/s?src=11&timestamp=1531494001&ver=996&signature=eZxlHQiLW6FjBb0JzRdRqhy6kq1vGF3XAeIayHIGLBnPCqugQSjtfY7cuD98wUtld6WzX5lprdcnBxbDUqC5YwloeooQ37hXLymsj*DC*mRpWqiE8GEk2kk7TFV97fdM&new=1>
{'publicNum': 'NF_Daily', 'weixinName': '南方日报'}
2018/1313 23:1352 - DEBUG - Scraped from <200 https://mp.weixin.qq.com/s?src=11&timestamp=1531494001&ver=996&signature=vPQlOrjXDBQZoD1I7pTBCU2NdWqLX2wA7W6NLZHHjqJZ07zGGk2XuTx3EmzdRqU-zlaJa-3MX3638BVsFmVfPr0zSMUaYGMKE0nQ4UfDgyZpJbdVjajOcmIvWTljuE1h&new=1>
{'publicNum': 'qianjiangwanbao', 'weixinName': '钱江晚报'}
2018/1313 23:1352 - DEBUG - Scraped from <200 https://mp.weixin.qq.com/s?src=11&timestamp=1531494001&ver=996&signature=hxHtdeiiwRp2O2lpaz6-LhFd2qovDhnbhLKSHIflSWWh2r*yptxQInycSkHZ75M8c29COJY0KurGN3iPQ2RofrrpYyhaJUYAzxHfBTjQkuiMZiv9g99kn0hrLDEFeI5J&new=1>
{'publicNum': 'hsb88880000', 'weixinName': '华商报'}
2018/1313 23:1352 - INFO - Closing spider (finished)
2018/1313 23:1352 - INFO - Dumping Scrapy stats:
{'downloader/request_bytes': 21877,
 'downloader/request_count': 41,
 'downloader/request_method_count/GET': 41,
 'downloader/response_bytes': 750071,
 'downloader/response_count': 41,
 'downloader/response_status_count/200': 21,
 'downloader/response_status_count/301': 20,
 'finish_reason': 'finished',
 'finish_time': datetime.datetime(2018, 7, 13, 15, 13, 52, 217544),
 'item_scraped_count': 20,
 'log_count/DEBUG': 62,
 'log_count/INFO': 8,
 'request_depth_max': 1,
 'response_received_count': 21,
 'scheduler/dequeued': 41,
 'scheduler/dequeued/memory': 41,
 'scheduler/enqueued': 41,
 'scheduler/enqueued/memory': 41,
 'start_time': datetime.datetime(2018, 7, 13, 15, 13, 50, 402322)}
2018/1313 23:1352 - INFO - Spider closed (finished)
